{
  id: "0.38835735146030426",
  type: "bulleted_list",
  bulleted_list: {
    children: [
      {
        object: "block",
        id: "17583811-5c88-80f7-a683-c713d48dc248",
        parent: {
          type: "page_id",
          page_id: "11b83811-5c88-80cb-bd0e-f362472a6d84",
        },
        created_time: "2025-01-08T04:30:00.000Z",
        last_edited_time: "2025-01-08T04:30:00.000Z",
        created_by: {
          object: "user",
          id: "c04915d3-b13f-4c06-a6d4-b210d7d0bd30",
        },
        last_edited_by: {
          object: "user",
          id: "c04915d3-b13f-4c06-a6d4-b210d7d0bd30",
        },
        has_children: false,
        archived: false,
        in_trash: false,
        type: "bulleted_list_item",
        bulleted_list_item: {
          rich_text: [
            {
              type: "text",
              text: {
                content: "Netlifyのデプロイ枠を超えてしまう。\n無料枠は300分/月。　< 4.5min/回 x 24回/日 x 31回/月 = 3,348分/月",
                link: null,
              },
              annotations: {
                bold: false,
                italic: false,
                strikethrough: false,
                underline: false,
                code: false,
                color: "default",
              },
              plain_text: "Netlifyのデプロイ枠を超えてしまう。\n無料枠は300分/月。　< 4.5min/回 x 24回/日 x 31回/月 = 3,348分/月",
              href: null,
            },
          ],
          color: "default",
        },
      },
      {
        object: "block",
        id: "17583811-5c88-80c9-a928-deb923a0951d",
        parent: {
          type: "page_id",
          page_id: "11b83811-5c88-80cb-bd0e-f362472a6d84",
        },
        created_time: "2025-01-08T04:30:00.000Z",
        last_edited_time: "2025-01-08T04:30:00.000Z",
        created_by: {
          object: "user",
          id: "c04915d3-b13f-4c06-a6d4-b210d7d0bd30",
        },
        last_edited_by: {
          object: "user",
          id: "c04915d3-b13f-4c06-a6d4-b210d7d0bd30",
        },
        has_children: false,
        archived: false,
        in_trash: false,
        type: "bulleted_list_item",
        bulleted_list_item: {
          rich_text: [
            {
              type: "text",
              text: {
                content: "300分/月（超過時は$7/500分）だから、約42ドル 6,700円 の追納金がかかる。これはきつい。",
                link: null,
              },
              annotations: {
                bold: false,
                italic: false,
                strikethrough: false,
                underline: false,
                code: false,
                color: "default",
              },
              plain_text: "300分/月（超過時は$7/500分）だから、約42ドル 6,700円 の追納金がかかる。これはきつい。",
              href: null,
            },
          ],
          color: "default",
        },
      },
      {
        object: "block",
        id: "17583811-5c88-80a0-b5e1-c5e97fc84037",
        parent: {
          type: "page_id",
          page_id: "11b83811-5c88-80cb-bd0e-f362472a6d84",
        },
        created_time: "2025-01-08T04:30:00.000Z",
        last_edited_time: "2025-01-08T04:30:00.000Z",
        created_by: {
          object: "user",
          id: "c04915d3-b13f-4c06-a6d4-b210d7d0bd30",
        },
        last_edited_by: {
          object: "user",
          id: "c04915d3-b13f-4c06-a6d4-b210d7d0bd30",
        },
        has_children: true,
        archived: false,
        in_trash: false,
        type: "bulleted_list_item",
        bulleted_list_item: {
          rich_text: [
            {
              type: "text",
              text: {
                content: "Proプランにすれば 25,000分/月 で19ドル= 3,000円弱。払えなくないけど無料でやるというコンセプトからずれる。",
                link: null,
              },
              annotations: {
                bold: false,
                italic: false,
                strikethrough: false,
                underline: false,
                code: false,
                color: "default",
              },
              plain_text: "Proプランにすれば 25,000分/月 で19ドル= 3,000円弱。払えなくないけど無料でやるというコンセプトからずれる。",
              href: null,
            },
          ],
          color: "default",
        },
        children: [
          {
            object: "block",
            id: "4b95782d-4c85-4919-ba28-d573b412bc2e",
            parent: {
              type: "block_id",
              block_id: "17583811-5c88-80a0-b5e1-c5e97fc84037",
            },
            created_time: "2025-01-08T04:30:00.000Z",
            last_edited_time: "2025-01-08T04:30:00.000Z",
            created_by: {
              object: "user",
              id: "c04915d3-b13f-4c06-a6d4-b210d7d0bd30",
            },
            last_edited_by: {
              object: "user",
              id: "c04915d3-b13f-4c06-a6d4-b210d7d0bd30",
            },
            has_children: false,
            archived: false,
            in_trash: false,
            type: "image",
            image: {
              caption: [
              ],
              type: "file",
              file: {
                url: "https://prod-files-secure.s3.us-west-2.amazonaws.com/33aab3b9-f114-454a-9e23-ed5a17aea264/936f7580-520a-4b05-bf1a-e043c0f304f7/image.png?X-Amz-Algorithm=AWS4-HMAC-SHA256&X-Amz-Content-Sha256=UNSIGNED-PAYLOAD&X-Amz-Credential=AKIAT73L2G45GO43JXI4%2F20241031%2Fus-west-2%2Fs3%2Faws4_request&X-Amz-Date=20241031T073233Z&X-Amz-Expires=3600&X-Amz-Signature=7163dc5564b0edfe1674e8763b21c468da86496ec0757d44f6990be1ef096217&X-Amz-SignedHeaders=host&x-id=GetObject",
                expiry_time: "2024-10-31T08:32:33.851Z",
              },
            },
          },
          {
            object: "block",
            id: "7311f125-431e-4efa-837f-4ce9e09ebe2a",
            parent: {
              type: "block_id",
              block_id: "17583811-5c88-80a0-b5e1-c5e97fc84037",
            },
            created_time: "2025-01-08T04:30:00.000Z",
            last_edited_time: "2025-01-08T04:30:00.000Z",
            created_by: {
              object: "user",
              id: "c04915d3-b13f-4c06-a6d4-b210d7d0bd30",
            },
            last_edited_by: {
              object: "user",
              id: "c04915d3-b13f-4c06-a6d4-b210d7d0bd30",
            },
            has_children: false,
            archived: false,
            in_trash: false,
            type: "quote",
            quote: {
              rich_text: [
                {
                  type: "text",
                  text: {
                    content: "300 分を超えた時点で請求が発生する\nビルド時間が 300 分に達すると利用できなくなるわけではありません。\n自動で 7 ドルの課金処理を行い、500 分のビルド時間がプラスされます。",
                    link: null,
                  },
                  annotations: {
                    bold: false,
                    italic: false,
                    strikethrough: false,
                    underline: false,
                    code: false,
                    color: "default",
                  },
                  plain_text: "300 分を超えた時点で請求が発生する\nビルド時間が 300 分に達すると利用できなくなるわけではありません。\n自動で 7 ドルの課金処理を行い、500 分のビルド時間がプラスされます。",
                  href: null,
                },
              ],
              color: "default",
            },
          },
          {
            object: "block",
            id: "9823a3a6-6538-4f97-934e-aa6978b4d1e2",
            parent: {
              type: "block_id",
              block_id: "17583811-5c88-80a0-b5e1-c5e97fc84037",
            },
            created_time: "2025-01-08T04:30:00.000Z",
            last_edited_time: "2025-01-08T04:30:00.000Z",
            created_by: {
              object: "user",
              id: "c04915d3-b13f-4c06-a6d4-b210d7d0bd30",
            },
            last_edited_by: {
              object: "user",
              id: "c04915d3-b13f-4c06-a6d4-b210d7d0bd30",
            },
            has_children: false,
            archived: false,
            in_trash: false,
            type: "bookmark",
            bookmark: {
              caption: [
              ],
              url: "https://blog.70-10.net/posts/github-actions-deploy-netlify/",
            },
            ogp: {
              url: "https://blog.70-10.net/posts/github-actions-deploy-netlify/",
              title: "Netlifyに7ドル支払った話（GitHub ActionsでNetlifyにデプロイする） | mnml",
              description: "",
              imageUrl: "https://blog.70-10.net/og/github-actions-deploy-netlify.png",
              faviconUrl: "https://www.google.com/s2/favicons?domain=https://blog.70-10.net/posts/github-actions-deploy-netlify/",
            },
          },
        ],
      },
    ],
  },
}