{
    "id": "11b83811-5c88-80cb-bd0e-f362472a6d84",
    "icon": "🐞",
    "title": "管理者用 Debug Test",
    "category": {
        "id": "t>bO",
        "name": "program",
        "color": "blue"
    },
    "createdAt": "2024-10-10",
    "updatedAt": "2024-10-19",
    "tags": [
        {
            "id": "8fba139f-ed2e-4e23-a90c-d1f5b4e87f6e",
            "name": "NotionBlog",
            "color": "blue"
        },
        {
            "id": "aad4edfe-c592-48db-97c8-b959ef302415",
            "name": "next.js",
            "color": "green"
        }
    ],
    "likes": 0,
    "slug": "debug-test",
    "image": "/900^2_tomei_textBlack.gif",
    "description": "just only text.just only textがつづく。続く続く続く続く続く続くjust only textがつづく。続く続く続く続く続く続く...",
    "children": [
        {
            "object": "block",
            "id": "11b83811-5c88-8048-aa9d-dac87b2efba2",
            "parent": {
                "type": "page_id",
                "page_id": "11b83811-5c88-80cb-bd0e-f362472a6d84"
            },
            "created_time": "2024-10-10T06:25:00.000Z",
            "last_edited_time": "2024-10-19T05:38:00.000Z",
            "created_by": {
                "object": "user",
                "id": "c04915d3-b13f-4c06-a6d4-b210d7d0bd30"
            },
            "last_edited_by": {
                "object": "user",
                "id": "c04915d3-b13f-4c06-a6d4-b210d7d0bd30"
            },
            "has_children": false,
            "archived": false,
            "in_trash": false,
            "type": "paragraph",
            "paragraph": {
                "rich_text": [
                    {
                        "type": "text",
                        "text": {
                            "content": "just only text.",
                            "link": null
                        },
                        "annotations": {
                            "bold": false,
                            "italic": false,
                            "strikethrough": false,
                            "underline": false,
                            "code": false,
                            "color": "default"
                        },
                        "plain_text": "just only text.",
                        "href": null
                    }
                ],
                "color": "default"
            }
        },
        {
            "id": "0.6426155547086085",
            "type": "bulleted_list",
            "bulleted_list": {
                "children": [
                    {
                        "object": "block",
                        "id": "12383811-5c88-806e-859f-d110035843c7",
                        "parent": {
                            "type": "page_id",
                            "page_id": "11b83811-5c88-80cb-bd0e-f362472a6d84"
                        },
                        "created_time": "2024-10-18T13:27:00.000Z",
                        "last_edited_time": "2024-10-19T05:39:00.000Z",
                        "created_by": {
                            "object": "user",
                            "id": "c04915d3-b13f-4c06-a6d4-b210d7d0bd30"
                        },
                        "last_edited_by": {
                            "object": "user",
                            "id": "c04915d3-b13f-4c06-a6d4-b210d7d0bd30"
                        },
                        "has_children": false,
                        "archived": false,
                        "in_trash": false,
                        "type": "bulleted_list_item",
                        "bulleted_list_item": {
                            "rich_text": [
                                {
                                    "type": "text",
                                    "text": {
                                        "content": "りすと",
                                        "link": null
                                    },
                                    "annotations": {
                                        "bold": false,
                                        "italic": false,
                                        "strikethrough": false,
                                        "underline": false,
                                        "code": false,
                                        "color": "default"
                                    },
                                    "plain_text": "りすと",
                                    "href": null
                                }
                            ],
                            "color": "default"
                        }
                    },
                    {
                        "object": "block",
                        "id": "12483811-5c88-8060-98d8-f43d82bb29a9",
                        "parent": {
                            "type": "page_id",
                            "page_id": "11b83811-5c88-80cb-bd0e-f362472a6d84"
                        },
                        "created_time": "2024-10-19T05:39:00.000Z",
                        "last_edited_time": "2024-10-19T05:39:00.000Z",
                        "created_by": {
                            "object": "user",
                            "id": "c04915d3-b13f-4c06-a6d4-b210d7d0bd30"
                        },
                        "last_edited_by": {
                            "object": "user",
                            "id": "c04915d3-b13f-4c06-a6d4-b210d7d0bd30"
                        },
                        "has_children": false,
                        "archived": false,
                        "in_trash": false,
                        "type": "bulleted_list_item",
                        "bulleted_list_item": {
                            "rich_text": [
                                {
                                    "type": "text",
                                    "text": {
                                        "content": "の行間",
                                        "link": null
                                    },
                                    "annotations": {
                                        "bold": false,
                                        "italic": false,
                                        "strikethrough": false,
                                        "underline": false,
                                        "code": false,
                                        "color": "default"
                                    },
                                    "plain_text": "の行間",
                                    "href": null
                                }
                            ],
                            "color": "default"
                        }
                    },
                    {
                        "object": "block",
                        "id": "12483811-5c88-80b3-a97f-d3d27a291708",
                        "parent": {
                            "type": "page_id",
                            "page_id": "11b83811-5c88-80cb-bd0e-f362472a6d84"
                        },
                        "created_time": "2024-10-19T05:39:00.000Z",
                        "last_edited_time": "2024-10-19T05:39:00.000Z",
                        "created_by": {
                            "object": "user",
                            "id": "c04915d3-b13f-4c06-a6d4-b210d7d0bd30"
                        },
                        "last_edited_by": {
                            "object": "user",
                            "id": "c04915d3-b13f-4c06-a6d4-b210d7d0bd30"
                        },
                        "has_children": true,
                        "archived": false,
                        "in_trash": false,
                        "type": "bulleted_list_item",
                        "bulleted_list_item": {
                            "rich_text": [
                                {
                                    "type": "text",
                                    "text": {
                                        "content": "が広すぎないか",
                                        "link": null
                                    },
                                    "annotations": {
                                        "bold": false,
                                        "italic": false,
                                        "strikethrough": false,
                                        "underline": false,
                                        "code": false,
                                        "color": "default"
                                    },
                                    "plain_text": "が広すぎないか",
                                    "href": null
                                }
                            ],
                            "color": "default"
                        },
                        "children": [
                            {
                                "id": "0.2046329250845358",
                                "type": "bulleted_list",
                                "bulleted_list": {
                                    "children": [
                                        {
                                            "object": "block",
                                            "id": "12483811-5c88-8050-9f0c-ea55b696bee9",
                                            "parent": {
                                                "type": "block_id",
                                                "block_id": "12483811-5c88-80b3-a97f-d3d27a291708"
                                            },
                                            "created_time": "2024-10-19T05:39:00.000Z",
                                            "last_edited_time": "2024-10-19T05:39:00.000Z",
                                            "created_by": {
                                                "object": "user",
                                                "id": "c04915d3-b13f-4c06-a6d4-b210d7d0bd30"
                                            },
                                            "last_edited_by": {
                                                "object": "user",
                                                "id": "c04915d3-b13f-4c06-a6d4-b210d7d0bd30"
                                            },
                                            "has_children": true,
                                            "archived": false,
                                            "in_trash": false,
                                            "type": "bulleted_list_item",
                                            "bulleted_list_item": {
                                                "rich_text": [
                                                    {
                                                        "type": "text",
                                                        "text": {
                                                            "content": "そう？",
                                                            "link": null
                                                        },
                                                        "annotations": {
                                                            "bold": false,
                                                            "italic": false,
                                                            "strikethrough": false,
                                                            "underline": false,
                                                            "code": false,
                                                            "color": "default"
                                                        },
                                                        "plain_text": "そう？",
                                                        "href": null
                                                    }
                                                ],
                                                "color": "default"
                                            },
                                            "children": [
                                                {
                                                    "id": "0.38441604809200136",
                                                    "type": "bulleted_list",
                                                    "bulleted_list": {
                                                        "children": [
                                                            {
                                                                "object": "block",
                                                                "id": "12483811-5c88-8033-9e9c-c58f170cdb32",
                                                                "parent": {
                                                                    "type": "block_id",
                                                                    "block_id": "12483811-5c88-8050-9f0c-ea55b696bee9"
                                                                },
                                                                "created_time": "2024-10-19T05:39:00.000Z",
                                                                "last_edited_time": "2024-10-19T05:39:00.000Z",
                                                                "created_by": {
                                                                    "object": "user",
                                                                    "id": "c04915d3-b13f-4c06-a6d4-b210d7d0bd30"
                                                                },
                                                                "last_edited_by": {
                                                                    "object": "user",
                                                                    "id": "c04915d3-b13f-4c06-a6d4-b210d7d0bd30"
                                                                },
                                                                "has_children": false,
                                                                "archived": false,
                                                                "in_trash": false,
                                                                "type": "bulleted_list_item",
                                                                "bulleted_list_item": {
                                                                    "rich_text": [
                                                                        {
                                                                            "type": "text",
                                                                            "text": {
                                                                                "content": "思うよ",
                                                                                "link": null
                                                                            },
                                                                            "annotations": {
                                                                                "bold": false,
                                                                                "italic": false,
                                                                                "strikethrough": false,
                                                                                "underline": false,
                                                                                "code": false,
                                                                                "color": "default"
                                                                            },
                                                                            "plain_text": "思うよ",
                                                                            "href": null
                                                                        }
                                                                    ],
                                                                    "color": "default"
                                                                }
                                                            }
                                                        ]
                                                    }
                                                }
                                            ]
                                        }
                                    ]
                                }
                            }
                        ]
                    },
                    {
                        "object": "block",
                        "id": "12483811-5c88-80d9-b187-ca3e22a8680f",
                        "parent": {
                            "type": "page_id",
                            "page_id": "11b83811-5c88-80cb-bd0e-f362472a6d84"
                        },
                        "created_time": "2024-10-19T05:39:00.000Z",
                        "last_edited_time": "2024-10-19T05:39:00.000Z",
                        "created_by": {
                            "object": "user",
                            "id": "c04915d3-b13f-4c06-a6d4-b210d7d0bd30"
                        },
                        "last_edited_by": {
                            "object": "user",
                            "id": "c04915d3-b13f-4c06-a6d4-b210d7d0bd30"
                        },
                        "has_children": false,
                        "archived": false,
                        "in_trash": false,
                        "type": "bulleted_list_item",
                        "bulleted_list_item": {
                            "rich_text": [
                                {
                                    "type": "text",
                                    "text": {
                                        "content": "どうでしょう",
                                        "link": null
                                    },
                                    "annotations": {
                                        "bold": false,
                                        "italic": false,
                                        "strikethrough": false,
                                        "underline": false,
                                        "code": false,
                                        "color": "default"
                                    },
                                    "plain_text": "どうでしょう",
                                    "href": null
                                }
                            ],
                            "color": "default"
                        }
                    }
                ]
            }
        },
        {
            "object": "block",
            "id": "12483811-5c88-8063-a435-dd04f355000a",
            "parent": {
                "type": "page_id",
                "page_id": "11b83811-5c88-80cb-bd0e-f362472a6d84"
            },
            "created_time": "2024-10-19T05:39:00.000Z",
            "last_edited_time": "2024-10-19T05:39:00.000Z",
            "created_by": {
                "object": "user",
                "id": "c04915d3-b13f-4c06-a6d4-b210d7d0bd30"
            },
            "last_edited_by": {
                "object": "user",
                "id": "c04915d3-b13f-4c06-a6d4-b210d7d0bd30"
            },
            "has_children": false,
            "archived": false,
            "in_trash": false,
            "type": "paragraph",
            "paragraph": {
                "rich_text": [
                    {
                        "type": "text",
                        "text": {
                            "content": "just only textがつづく。",
                            "link": null
                        },
                        "annotations": {
                            "bold": false,
                            "italic": false,
                            "strikethrough": false,
                            "underline": false,
                            "code": false,
                            "color": "default"
                        },
                        "plain_text": "just only textがつづく。",
                        "href": null
                    }
                ],
                "color": "default"
            }
        },
        {
            "object": "block",
            "id": "12483811-5c88-804a-8085-e95adc024207",
            "parent": {
                "type": "page_id",
                "page_id": "11b83811-5c88-80cb-bd0e-f362472a6d84"
            },
            "created_time": "2024-10-19T05:39:00.000Z",
            "last_edited_time": "2024-10-19T05:39:00.000Z",
            "created_by": {
                "object": "user",
                "id": "c04915d3-b13f-4c06-a6d4-b210d7d0bd30"
            },
            "last_edited_by": {
                "object": "user",
                "id": "c04915d3-b13f-4c06-a6d4-b210d7d0bd30"
            },
            "has_children": false,
            "archived": false,
            "in_trash": false,
            "type": "paragraph",
            "paragraph": {
                "rich_text": [
                    {
                        "type": "text",
                        "text": {
                            "content": "続く続く続く続く続く続く",
                            "link": null
                        },
                        "annotations": {
                            "bold": false,
                            "italic": false,
                            "strikethrough": false,
                            "underline": false,
                            "code": false,
                            "color": "default"
                        },
                        "plain_text": "続く続く続く続く続く続く",
                        "href": null
                    }
                ],
                "color": "default"
            }
        },
        {
            "id": "0.7817130140753956",
            "type": "numbered_list",
            "numbered_list": {
                "children": [
                    {
                        "object": "block",
                        "id": "12483811-5c88-80ff-9616-cb01d66944fd",
                        "parent": {
                            "type": "page_id",
                            "page_id": "11b83811-5c88-80cb-bd0e-f362472a6d84"
                        },
                        "created_time": "2024-10-19T05:39:00.000Z",
                        "last_edited_time": "2024-10-19T05:40:00.000Z",
                        "created_by": {
                            "object": "user",
                            "id": "c04915d3-b13f-4c06-a6d4-b210d7d0bd30"
                        },
                        "last_edited_by": {
                            "object": "user",
                            "id": "c04915d3-b13f-4c06-a6d4-b210d7d0bd30"
                        },
                        "has_children": false,
                        "archived": false,
                        "in_trash": false,
                        "type": "numbered_list_item",
                        "numbered_list_item": {
                            "rich_text": [
                                {
                                    "type": "text",
                                    "text": {
                                        "content": "数字1",
                                        "link": null
                                    },
                                    "annotations": {
                                        "bold": false,
                                        "italic": false,
                                        "strikethrough": false,
                                        "underline": false,
                                        "code": false,
                                        "color": "default"
                                    },
                                    "plain_text": "数字1",
                                    "href": null
                                }
                            ],
                            "color": "default"
                        }
                    },
                    {
                        "object": "block",
                        "id": "12483811-5c88-80a7-ba9a-c1bf109f198a",
                        "parent": {
                            "type": "page_id",
                            "page_id": "11b83811-5c88-80cb-bd0e-f362472a6d84"
                        },
                        "created_time": "2024-10-19T05:40:00.000Z",
                        "last_edited_time": "2024-10-19T05:40:00.000Z",
                        "created_by": {
                            "object": "user",
                            "id": "c04915d3-b13f-4c06-a6d4-b210d7d0bd30"
                        },
                        "last_edited_by": {
                            "object": "user",
                            "id": "c04915d3-b13f-4c06-a6d4-b210d7d0bd30"
                        },
                        "has_children": true,
                        "archived": false,
                        "in_trash": false,
                        "type": "numbered_list_item",
                        "numbered_list_item": {
                            "rich_text": [
                                {
                                    "type": "text",
                                    "text": {
                                        "content": "数字2",
                                        "link": null
                                    },
                                    "annotations": {
                                        "bold": false,
                                        "italic": false,
                                        "strikethrough": false,
                                        "underline": false,
                                        "code": false,
                                        "color": "default"
                                    },
                                    "plain_text": "数字2",
                                    "href": null
                                }
                            ],
                            "color": "default"
                        },
                        "children": [
                            {
                                "id": "0.4052060871498133",
                                "type": "numbered_list",
                                "numbered_list": {
                                    "children": [
                                        {
                                            "object": "block",
                                            "id": "12483811-5c88-8053-a257-fae35cf4aa27",
                                            "parent": {
                                                "type": "block_id",
                                                "block_id": "12483811-5c88-80a7-ba9a-c1bf109f198a"
                                            },
                                            "created_time": "2024-10-19T05:39:00.000Z",
                                            "last_edited_time": "2024-10-19T05:40:00.000Z",
                                            "created_by": {
                                                "object": "user",
                                                "id": "c04915d3-b13f-4c06-a6d4-b210d7d0bd30"
                                            },
                                            "last_edited_by": {
                                                "object": "user",
                                                "id": "c04915d3-b13f-4c06-a6d4-b210d7d0bd30"
                                            },
                                            "has_children": true,
                                            "archived": false,
                                            "in_trash": false,
                                            "type": "numbered_list_item",
                                            "numbered_list_item": {
                                                "rich_text": [
                                                    {
                                                        "type": "text",
                                                        "text": {
                                                            "content": "リストa",
                                                            "link": null
                                                        },
                                                        "annotations": {
                                                            "bold": false,
                                                            "italic": false,
                                                            "strikethrough": false,
                                                            "underline": false,
                                                            "code": false,
                                                            "color": "default"
                                                        },
                                                        "plain_text": "リストa",
                                                        "href": null
                                                    }
                                                ],
                                                "color": "default"
                                            },
                                            "children": [
                                                {
                                                    "id": "0.22104078710084996",
                                                    "type": "numbered_list",
                                                    "numbered_list": {
                                                        "children": [
                                                            {
                                                                "object": "block",
                                                                "id": "12483811-5c88-80e5-a661-ca9268ec3884",
                                                                "parent": {
                                                                    "type": "block_id",
                                                                    "block_id": "12483811-5c88-8053-a257-fae35cf4aa27"
                                                                },
                                                                "created_time": "2024-10-19T05:40:00.000Z",
                                                                "last_edited_time": "2024-10-19T05:40:00.000Z",
                                                                "created_by": {
                                                                    "object": "user",
                                                                    "id": "c04915d3-b13f-4c06-a6d4-b210d7d0bd30"
                                                                },
                                                                "last_edited_by": {
                                                                    "object": "user",
                                                                    "id": "c04915d3-b13f-4c06-a6d4-b210d7d0bd30"
                                                                },
                                                                "has_children": false,
                                                                "archived": false,
                                                                "in_trash": false,
                                                                "type": "numbered_list_item",
                                                                "numbered_list_item": {
                                                                    "rich_text": [
                                                                        {
                                                                            "type": "text",
                                                                            "text": {
                                                                                "content": "リストi",
                                                                                "link": null
                                                                            },
                                                                            "annotations": {
                                                                                "bold": false,
                                                                                "italic": false,
                                                                                "strikethrough": false,
                                                                                "underline": false,
                                                                                "code": false,
                                                                                "color": "default"
                                                                            },
                                                                            "plain_text": "リストi",
                                                                            "href": null
                                                                        }
                                                                    ],
                                                                    "color": "default"
                                                                }
                                                            }
                                                        ]
                                                    }
                                                }
                                            ]
                                        },
                                        {
                                            "object": "block",
                                            "id": "12483811-5c88-80b0-9101-d66f340fa60f",
                                            "parent": {
                                                "type": "block_id",
                                                "block_id": "12483811-5c88-80a7-ba9a-c1bf109f198a"
                                            },
                                            "created_time": "2024-10-19T05:40:00.000Z",
                                            "last_edited_time": "2024-10-19T05:40:00.000Z",
                                            "created_by": {
                                                "object": "user",
                                                "id": "c04915d3-b13f-4c06-a6d4-b210d7d0bd30"
                                            },
                                            "last_edited_by": {
                                                "object": "user",
                                                "id": "c04915d3-b13f-4c06-a6d4-b210d7d0bd30"
                                            },
                                            "has_children": false,
                                            "archived": false,
                                            "in_trash": false,
                                            "type": "numbered_list_item",
                                            "numbered_list_item": {
                                                "rich_text": [
                                                    {
                                                        "type": "text",
                                                        "text": {
                                                            "content": "リストb",
                                                            "link": null
                                                        },
                                                        "annotations": {
                                                            "bold": false,
                                                            "italic": false,
                                                            "strikethrough": false,
                                                            "underline": false,
                                                            "code": false,
                                                            "color": "default"
                                                        },
                                                        "plain_text": "リストb",
                                                        "href": null
                                                    }
                                                ],
                                                "color": "default"
                                            }
                                        }
                                    ]
                                }
                            }
                        ]
                    },
                    {
                        "object": "block",
                        "id": "12483811-5c88-806a-9c7d-f234256e1f81",
                        "parent": {
                            "type": "page_id",
                            "page_id": "11b83811-5c88-80cb-bd0e-f362472a6d84"
                        },
                        "created_time": "2024-10-19T05:40:00.000Z",
                        "last_edited_time": "2024-10-19T05:40:00.000Z",
                        "created_by": {
                            "object": "user",
                            "id": "c04915d3-b13f-4c06-a6d4-b210d7d0bd30"
                        },
                        "last_edited_by": {
                            "object": "user",
                            "id": "c04915d3-b13f-4c06-a6d4-b210d7d0bd30"
                        },
                        "has_children": false,
                        "archived": false,
                        "in_trash": false,
                        "type": "numbered_list_item",
                        "numbered_list_item": {
                            "rich_text": [
                                {
                                    "type": "text",
                                    "text": {
                                        "content": "リスト3",
                                        "link": null
                                    },
                                    "annotations": {
                                        "bold": false,
                                        "italic": false,
                                        "strikethrough": false,
                                        "underline": false,
                                        "code": false,
                                        "color": "default"
                                    },
                                    "plain_text": "リスト3",
                                    "href": null
                                }
                            ],
                            "color": "default"
                        }
                    }
                ]
            }
        },
        {
            "object": "block",
            "id": "12483811-5c88-8030-a2d6-ccc4c0a1174c",
            "parent": {
                "type": "page_id",
                "page_id": "11b83811-5c88-80cb-bd0e-f362472a6d84"
            },
            "created_time": "2024-10-19T05:40:00.000Z",
            "last_edited_time": "2024-10-19T05:40:00.000Z",
            "created_by": {
                "object": "user",
                "id": "c04915d3-b13f-4c06-a6d4-b210d7d0bd30"
            },
            "last_edited_by": {
                "object": "user",
                "id": "c04915d3-b13f-4c06-a6d4-b210d7d0bd30"
            },
            "has_children": false,
            "archived": false,
            "in_trash": false,
            "type": "paragraph",
            "paragraph": {
                "rich_text": [
                    {
                        "type": "text",
                        "text": {
                            "content": "just only textがつづく。",
                            "link": null
                        },
                        "annotations": {
                            "bold": false,
                            "italic": false,
                            "strikethrough": false,
                            "underline": false,
                            "code": false,
                            "color": "default"
                        },
                        "plain_text": "just only textがつづく。",
                        "href": null
                    }
                ],
                "color": "default"
            }
        },
        {
            "object": "block",
            "id": "12483811-5c88-808c-befc-e9a7dd6f34f2",
            "parent": {
                "type": "page_id",
                "page_id": "11b83811-5c88-80cb-bd0e-f362472a6d84"
            },
            "created_time": "2024-10-19T05:40:00.000Z",
            "last_edited_time": "2024-10-19T05:40:00.000Z",
            "created_by": {
                "object": "user",
                "id": "c04915d3-b13f-4c06-a6d4-b210d7d0bd30"
            },
            "last_edited_by": {
                "object": "user",
                "id": "c04915d3-b13f-4c06-a6d4-b210d7d0bd30"
            },
            "has_children": false,
            "archived": false,
            "in_trash": false,
            "type": "paragraph",
            "paragraph": {
                "rich_text": [
                    {
                        "type": "text",
                        "text": {
                            "content": "続く続く続く続く続く続く",
                            "link": null
                        },
                        "annotations": {
                            "bold": false,
                            "italic": false,
                            "strikethrough": false,
                            "underline": false,
                            "code": false,
                            "color": "default"
                        },
                        "plain_text": "続く続く続く続く続く続く",
                        "href": null
                    }
                ],
                "color": "default"
            }
        },
        {
            "id": "0.08499568391990953",
            "type": "numbered_list",
            "numbered_list": {
                "children": [
                    {
                        "object": "block",
                        "id": "12483811-5c88-80bb-8e71-c9762cea40a0",
                        "parent": {
                            "type": "page_id",
                            "page_id": "11b83811-5c88-80cb-bd0e-f362472a6d84"
                        },
                        "created_time": "2024-10-19T05:40:00.000Z",
                        "last_edited_time": "2024-10-19T05:41:00.000Z",
                        "created_by": {
                            "object": "user",
                            "id": "c04915d3-b13f-4c06-a6d4-b210d7d0bd30"
                        },
                        "last_edited_by": {
                            "object": "user",
                            "id": "c04915d3-b13f-4c06-a6d4-b210d7d0bd30"
                        },
                        "has_children": true,
                        "archived": false,
                        "in_trash": false,
                        "type": "numbered_list_item",
                        "numbered_list_item": {
                            "rich_text": [
                                {
                                    "type": "text",
                                    "text": {
                                        "content": "数字1",
                                        "link": null
                                    },
                                    "annotations": {
                                        "bold": false,
                                        "italic": false,
                                        "strikethrough": false,
                                        "underline": false,
                                        "code": false,
                                        "color": "default"
                                    },
                                    "plain_text": "数字1",
                                    "href": null
                                }
                            ],
                            "color": "default"
                        },
                        "children": [
                            {
                                "id": "0.3479755601465955",
                                "type": "bulleted_list",
                                "bulleted_list": {
                                    "children": [
                                        {
                                            "object": "block",
                                            "id": "12483811-5c88-80eb-bfdb-d61992a05edc",
                                            "parent": {
                                                "type": "block_id",
                                                "block_id": "12483811-5c88-80bb-8e71-c9762cea40a0"
                                            },
                                            "created_time": "2024-10-19T05:40:00.000Z",
                                            "last_edited_time": "2024-10-19T05:41:00.000Z",
                                            "created_by": {
                                                "object": "user",
                                                "id": "c04915d3-b13f-4c06-a6d4-b210d7d0bd30"
                                            },
                                            "last_edited_by": {
                                                "object": "user",
                                                "id": "c04915d3-b13f-4c06-a6d4-b210d7d0bd30"
                                            },
                                            "has_children": true,
                                            "archived": false,
                                            "in_trash": false,
                                            "type": "bulleted_list_item",
                                            "bulleted_list_item": {
                                                "rich_text": [
                                                    {
                                                        "type": "text",
                                                        "text": {
                                                            "content": "リスト・",
                                                            "link": null
                                                        },
                                                        "annotations": {
                                                            "bold": false,
                                                            "italic": false,
                                                            "strikethrough": false,
                                                            "underline": false,
                                                            "code": false,
                                                            "color": "default"
                                                        },
                                                        "plain_text": "リスト・",
                                                        "href": null
                                                    }
                                                ],
                                                "color": "default"
                                            },
                                            "children": [
                                                {
                                                    "id": "0.8841173630932173",
                                                    "type": "bulleted_list",
                                                    "bulleted_list": {
                                                        "children": [
                                                            {
                                                                "object": "block",
                                                                "id": "12483811-5c88-80d8-913a-f42ce1d5fe14",
                                                                "parent": {
                                                                    "type": "block_id",
                                                                    "block_id": "12483811-5c88-80eb-bfdb-d61992a05edc"
                                                                },
                                                                "created_time": "2024-10-19T05:40:00.000Z",
                                                                "last_edited_time": "2024-10-19T05:41:00.000Z",
                                                                "created_by": {
                                                                    "object": "user",
                                                                    "id": "c04915d3-b13f-4c06-a6d4-b210d7d0bd30"
                                                                },
                                                                "last_edited_by": {
                                                                    "object": "user",
                                                                    "id": "c04915d3-b13f-4c06-a6d4-b210d7d0bd30"
                                                                },
                                                                "has_children": true,
                                                                "archived": false,
                                                                "in_trash": false,
                                                                "type": "bulleted_list_item",
                                                                "bulleted_list_item": {
                                                                    "rich_text": [
                                                                        {
                                                                            "type": "text",
                                                                            "text": {
                                                                                "content": "リスト◯",
                                                                                "link": null
                                                                            },
                                                                            "annotations": {
                                                                                "bold": false,
                                                                                "italic": false,
                                                                                "strikethrough": false,
                                                                                "underline": false,
                                                                                "code": false,
                                                                                "color": "default"
                                                                            },
                                                                            "plain_text": "リスト◯",
                                                                            "href": null
                                                                        }
                                                                    ],
                                                                    "color": "default"
                                                                },
                                                                "children": [
                                                                    {
                                                                        "id": "0.16431504306707834",
                                                                        "type": "bulleted_list",
                                                                        "bulleted_list": {
                                                                            "children": [
                                                                                {
                                                                                    "object": "block",
                                                                                    "id": "12483811-5c88-80fc-94ab-c63719c855c0",
                                                                                    "parent": {
                                                                                        "type": "block_id",
                                                                                        "block_id": "12483811-5c88-80d8-913a-f42ce1d5fe14"
                                                                                    },
                                                                                    "created_time": "2024-10-19T05:41:00.000Z",
                                                                                    "last_edited_time": "2024-10-19T05:41:00.000Z",
                                                                                    "created_by": {
                                                                                        "object": "user",
                                                                                        "id": "c04915d3-b13f-4c06-a6d4-b210d7d0bd30"
                                                                                    },
                                                                                    "last_edited_by": {
                                                                                        "object": "user",
                                                                                        "id": "c04915d3-b13f-4c06-a6d4-b210d7d0bd30"
                                                                                    },
                                                                                    "has_children": false,
                                                                                    "archived": false,
                                                                                    "in_trash": false,
                                                                                    "type": "bulleted_list_item",
                                                                                    "bulleted_list_item": {
                                                                                        "rich_text": [
                                                                                            {
                                                                                                "type": "text",
                                                                                                "text": {
                                                                                                    "content": "リスト■",
                                                                                                    "link": null
                                                                                                },
                                                                                                "annotations": {
                                                                                                    "bold": false,
                                                                                                    "italic": false,
                                                                                                    "strikethrough": false,
                                                                                                    "underline": false,
                                                                                                    "code": false,
                                                                                                    "color": "default"
                                                                                                },
                                                                                                "plain_text": "リスト■",
                                                                                                "href": null
                                                                                            }
                                                                                        ],
                                                                                        "color": "default"
                                                                                    }
                                                                                }
                                                                            ]
                                                                        }
                                                                    }
                                                                ]
                                                            },
                                                            {
                                                                "object": "block",
                                                                "id": "12483811-5c88-80e6-9d61-eeb1f09a94f5",
                                                                "parent": {
                                                                    "type": "block_id",
                                                                    "block_id": "12483811-5c88-80eb-bfdb-d61992a05edc"
                                                                },
                                                                "created_time": "2024-10-19T05:41:00.000Z",
                                                                "last_edited_time": "2024-10-19T05:41:00.000Z",
                                                                "created_by": {
                                                                    "object": "user",
                                                                    "id": "c04915d3-b13f-4c06-a6d4-b210d7d0bd30"
                                                                },
                                                                "last_edited_by": {
                                                                    "object": "user",
                                                                    "id": "c04915d3-b13f-4c06-a6d4-b210d7d0bd30"
                                                                },
                                                                "has_children": false,
                                                                "archived": false,
                                                                "in_trash": false,
                                                                "type": "bulleted_list_item",
                                                                "bulleted_list_item": {
                                                                    "rich_text": [
                                                                        {
                                                                            "type": "text",
                                                                            "text": {
                                                                                "content": "りすと◯",
                                                                                "link": null
                                                                            },
                                                                            "annotations": {
                                                                                "bold": false,
                                                                                "italic": false,
                                                                                "strikethrough": false,
                                                                                "underline": false,
                                                                                "code": false,
                                                                                "color": "default"
                                                                            },
                                                                            "plain_text": "りすと◯",
                                                                            "href": null
                                                                        }
                                                                    ],
                                                                    "color": "default"
                                                                }
                                                            }
                                                        ]
                                                    }
                                                }
                                            ]
                                        },
                                        {
                                            "object": "block",
                                            "id": "12483811-5c88-8064-92a0-f16b92f77802",
                                            "parent": {
                                                "type": "block_id",
                                                "block_id": "12483811-5c88-80bb-8e71-c9762cea40a0"
                                            },
                                            "created_time": "2024-10-19T05:41:00.000Z",
                                            "last_edited_time": "2024-10-19T05:41:00.000Z",
                                            "created_by": {
                                                "object": "user",
                                                "id": "c04915d3-b13f-4c06-a6d4-b210d7d0bd30"
                                            },
                                            "last_edited_by": {
                                                "object": "user",
                                                "id": "c04915d3-b13f-4c06-a6d4-b210d7d0bd30"
                                            },
                                            "has_children": false,
                                            "archived": false,
                                            "in_trash": false,
                                            "type": "bulleted_list_item",
                                            "bulleted_list_item": {
                                                "rich_text": [
                                                    {
                                                        "type": "text",
                                                        "text": {
                                                            "content": "りすと・",
                                                            "link": null
                                                        },
                                                        "annotations": {
                                                            "bold": false,
                                                            "italic": false,
                                                            "strikethrough": false,
                                                            "underline": false,
                                                            "code": false,
                                                            "color": "default"
                                                        },
                                                        "plain_text": "りすと・",
                                                        "href": null
                                                    }
                                                ],
                                                "color": "default"
                                            }
                                        }
                                    ]
                                }
                            }
                        ]
                    },
                    {
                        "object": "block",
                        "id": "12483811-5c88-80c0-93d4-c9e27684750f",
                        "parent": {
                            "type": "page_id",
                            "page_id": "11b83811-5c88-80cb-bd0e-f362472a6d84"
                        },
                        "created_time": "2024-10-19T05:41:00.000Z",
                        "last_edited_time": "2024-10-19T05:41:00.000Z",
                        "created_by": {
                            "object": "user",
                            "id": "c04915d3-b13f-4c06-a6d4-b210d7d0bd30"
                        },
                        "last_edited_by": {
                            "object": "user",
                            "id": "c04915d3-b13f-4c06-a6d4-b210d7d0bd30"
                        },
                        "has_children": false,
                        "archived": false,
                        "in_trash": false,
                        "type": "numbered_list_item",
                        "numbered_list_item": {
                            "rich_text": [
                                {
                                    "type": "text",
                                    "text": {
                                        "content": "数字2",
                                        "link": null
                                    },
                                    "annotations": {
                                        "bold": false,
                                        "italic": false,
                                        "strikethrough": false,
                                        "underline": false,
                                        "code": false,
                                        "color": "default"
                                    },
                                    "plain_text": "数字2",
                                    "href": null
                                }
                            ],
                            "color": "default"
                        }
                    }
                ]
            }
        },
        {
            "object": "block",
            "id": "12483811-5c88-804e-a3db-de25cf88ca91",
            "parent": {
                "type": "page_id",
                "page_id": "11b83811-5c88-80cb-bd0e-f362472a6d84"
            },
            "created_time": "2024-10-19T05:41:00.000Z",
            "last_edited_time": "2024-10-19T05:41:00.000Z",
            "created_by": {
                "object": "user",
                "id": "c04915d3-b13f-4c06-a6d4-b210d7d0bd30"
            },
            "last_edited_by": {
                "object": "user",
                "id": "c04915d3-b13f-4c06-a6d4-b210d7d0bd30"
            },
            "has_children": false,
            "archived": false,
            "in_trash": false,
            "type": "paragraph",
            "paragraph": {
                "rich_text": [
                    {
                        "type": "text",
                        "text": {
                            "content": "just only textがつづく。",
                            "link": null
                        },
                        "annotations": {
                            "bold": false,
                            "italic": false,
                            "strikethrough": false,
                            "underline": false,
                            "code": false,
                            "color": "default"
                        },
                        "plain_text": "just only textがつづく。",
                        "href": null
                    }
                ],
                "color": "default"
            }
        },
        {
            "object": "block",
            "id": "12483811-5c88-80f1-aacd-de9db186afed",
            "parent": {
                "type": "page_id",
                "page_id": "11b83811-5c88-80cb-bd0e-f362472a6d84"
            },
            "created_time": "2024-10-19T05:41:00.000Z",
            "last_edited_time": "2024-10-19T05:41:00.000Z",
            "created_by": {
                "object": "user",
                "id": "c04915d3-b13f-4c06-a6d4-b210d7d0bd30"
            },
            "last_edited_by": {
                "object": "user",
                "id": "c04915d3-b13f-4c06-a6d4-b210d7d0bd30"
            },
            "has_children": false,
            "archived": false,
            "in_trash": false,
            "type": "paragraph",
            "paragraph": {
                "rich_text": [
                    {
                        "type": "text",
                        "text": {
                            "content": "続く続く続く続く続く続く",
                            "link": null
                        },
                        "annotations": {
                            "bold": false,
                            "italic": false,
                            "strikethrough": false,
                            "underline": false,
                            "code": false,
                            "color": "default"
                        },
                        "plain_text": "続く続く続く続く続く続く",
                        "href": null
                    }
                ],
                "color": "default"
            }
        },
        {
            "object": "block",
            "id": "12483811-5c88-8054-99e3-c4408e162092",
            "parent": {
                "type": "page_id",
                "page_id": "11b83811-5c88-80cb-bd0e-f362472a6d84"
            },
            "created_time": "2024-10-19T05:41:00.000Z",
            "last_edited_time": "2024-10-19T05:41:00.000Z",
            "created_by": {
                "object": "user",
                "id": "c04915d3-b13f-4c06-a6d4-b210d7d0bd30"
            },
            "last_edited_by": {
                "object": "user",
                "id": "c04915d3-b13f-4c06-a6d4-b210d7d0bd30"
            },
            "has_children": false,
            "archived": false,
            "in_trash": false,
            "type": "paragraph",
            "paragraph": {
                "rich_text": [],
                "color": "default"
            }
        },
        {
            "object": "block",
            "id": "12383811-5c88-8017-9e60-e46917b2362e",
            "parent": {
                "type": "page_id",
                "page_id": "11b83811-5c88-80cb-bd0e-f362472a6d84"
            },
            "created_time": "2024-10-18T07:44:00.000Z",
            "last_edited_time": "2024-10-18T07:44:00.000Z",
            "created_by": {
                "object": "user",
                "id": "c04915d3-b13f-4c06-a6d4-b210d7d0bd30"
            },
            "last_edited_by": {
                "object": "user",
                "id": "c04915d3-b13f-4c06-a6d4-b210d7d0bd30"
            },
            "has_children": false,
            "archived": false,
            "in_trash": false,
            "type": "paragraph",
            "paragraph": {
                "rich_text": [],
                "color": "default"
            }
        }
    ]
}